c:\users\joshd\c++ coursework\c-coursework\coursework draft\coursework draft\x64\debug\vc143.pdb
c:\users\joshd\c++ coursework\c-coursework\coursework draft\coursework draft\x64\debug\vc143.idb
c:\users\joshd\c++ coursework\c-coursework\coursework draft\coursework draft\x64\debug\warrior.obj
c:\users\joshd\c++ coursework\c-coursework\coursework draft\coursework draft\x64\debug\thief.obj
c:\users\joshd\c++ coursework\c-coursework\coursework draft\coursework draft\x64\debug\stealth.obj
c:\users\joshd\c++ coursework\c-coursework\coursework draft\coursework draft\x64\debug\speech.obj
c:\users\joshd\c++ coursework\c-coursework\coursework draft\coursework draft\x64\debug\player.obj
c:\users\joshd\c++ coursework\c-coursework\coursework draft\coursework draft\x64\debug\enemies.obj
c:\users\joshd\c++ coursework\c-coursework\coursework draft\coursework draft\x64\debug\debug.obj
c:\users\joshd\c++ coursework\c-coursework\coursework draft\coursework draft\x64\debug\coursework draft.obj
c:\users\joshd\c++ coursework\c-coursework\coursework draft\coursework draft\x64\debug\combat.obj
c:\users\joshd\c++ coursework\c-coursework\coursework draft\coursework draft\x64\debug\entity.obj
c:\users\joshd\c++ coursework\c-coursework\coursework draft\coursework draft\x64\debug\bard.obj
c:\users\joshd\c++ coursework\c-coursework\coursework draft\coursework draft\x64\debug\gamemanager.obj
c:\users\joshd\c++ coursework\c-coursework\coursework draft\x64\debug\coursework draft.exe
c:\users\joshd\c++ coursework\c-coursework\coursework draft\x64\debug\coursework draft.pdb
c:\users\joshd\c++ coursework\c-coursework\coursework draft\coursework draft\x64\debug\coursework draft.ilk
c:\users\joshd\c++ coursework\c-coursework\coursework draft\coursework draft\x64\debug\encounters.obj
c:\users\joshd\c++ coursework\c-coursework\coursework draft\coursework draft\x64\debug\coursework draft.tlog\cl.command.1.tlog
c:\users\joshd\c++ coursework\c-coursework\coursework draft\coursework draft\x64\debug\coursework draft.tlog\cl.items.tlog
c:\users\joshd\c++ coursework\c-coursework\coursework draft\coursework draft\x64\debug\coursework draft.tlog\cl.read.1.tlog
c:\users\joshd\c++ coursework\c-coursework\coursework draft\coursework draft\x64\debug\coursework draft.tlog\cl.write.1.tlog
c:\users\joshd\c++ coursework\c-coursework\coursework draft\coursework draft\x64\debug\coursework draft.tlog\link.command.1.tlog
c:\users\joshd\c++ coursework\c-coursework\coursework draft\coursework draft\x64\debug\coursework draft.tlog\link.read.1.tlog
c:\users\joshd\c++ coursework\c-coursework\coursework draft\coursework draft\x64\debug\coursework draft.tlog\link.secondary.1.tlog
c:\users\joshd\c++ coursework\c-coursework\coursework draft\coursework draft\x64\debug\coursework draft.tlog\link.write.1.tlog
